<?xml version="1.0" encoding="UTF-8"?>
<testsuite xmlns:xsi="http://www.w3.org/2001/XMLSchema-instance" xsi:noNamespaceSchemaLocation="https://maven.apache.org/surefire/maven-surefire-plugin/xsd/surefire-test-report-3.0.xsd" version="3.0" name="AirportTest$EconomyFlightTest" time="0.063" tests="1" errors="0" skipped="0" failures="0">
  <properties>
    <property name="jpda.address" value="54813"/>
    <property name="java.specification.version" value="22"/>
    <property name="sun.cpu.isalist" value="amd64"/>
    <property name="sun.jnu.encoding" value="Cp1252"/>
    <property name="java.class.path" value="C:\Users\hai_j\OneDrive - Politeknik Negeri Bandung\Documents\POLBAN\01. Kuliah\SMT 3\01. PBO\Sourcecode_pbo\demo\target\test-classes;C:\Users\hai_j\OneDrive - Politeknik Negeri Bandung\Documents\POLBAN\01. Kuliah\SMT 3\01. PBO\Sourcecode_pbo\demo\target\classes;C:\Users\hai_j\.m2\repository\org\junit\jupiter\junit-jupiter-api\5.6.0\junit-jupiter-api-5.6.0.jar;C:\Users\hai_j\.m2\repository\org\apiguardian\apiguardian-api\1.1.0\apiguardian-api-1.1.0.jar;C:\Users\hai_j\.m2\repository\org\opentest4j\opentest4j\1.2.0\opentest4j-1.2.0.jar;C:\Users\hai_j\.m2\repository\org\junit\platform\junit-platform-commons\1.6.0\junit-platform-commons-1.6.0.jar;C:\Users\hai_j\.m2\repository\org\junit\jupiter\junit-jupiter-engine\5.6.0\junit-jupiter-engine-5.6.0.jar;C:\Users\hai_j\.m2\repository\org\junit\platform\junit-platform-engine\1.6.0\junit-platform-engine-1.6.0.jar;"/>
    <property name="java.vm.vendor" value="Oracle Corporation"/>
    <property name="sun.arch.data.model" value="64"/>
    <property name="user.variant" value=""/>
    <property name="java.vendor.url" value="https://java.oracle.com/"/>
    <property name="user.timezone" value="Asia/Jakarta"/>
    <property name="forkMode" value="once"/>
    <property name="os.name" value="Windows 11"/>
    <property name="java.vm.specification.version" value="22"/>
    <property name="user.country" value="US"/>
    <property name="sun.java.launcher" value="SUN_STANDARD"/>
    <property name="sun.boot.library.path" value="C:\Program Files\Java\jdk-22\bin"/>
    <property name="sun.java.command" value="C:\Users\hai_j\AppData\Local\Temp\surefire15149775714627751466\surefirebooter-20241031172611522_3.jar C:\Users\hai_j\AppData\Local\Temp\surefire15149775714627751466 2024-10-31T17-26-11_039-jvmRun1 surefire-20241031172611522_1tmp surefire_0-20241031172611522_2tmp"/>
    <property name="jdk.debug" value="release"/>
    <property name="test" value="AirportTest"/>
    <property name="surefire.test.class.path" value="C:\Users\hai_j\OneDrive - Politeknik Negeri Bandung\Documents\POLBAN\01. Kuliah\SMT 3\01. PBO\Sourcecode_pbo\demo\target\test-classes;C:\Users\hai_j\OneDrive - Politeknik Negeri Bandung\Documents\POLBAN\01. Kuliah\SMT 3\01. PBO\Sourcecode_pbo\demo\target\classes;C:\Users\hai_j\.m2\repository\org\junit\jupiter\junit-jupiter-api\5.6.0\junit-jupiter-api-5.6.0.jar;C:\Users\hai_j\.m2\repository\org\apiguardian\apiguardian-api\1.1.0\apiguardian-api-1.1.0.jar;C:\Users\hai_j\.m2\repository\org\opentest4j\opentest4j\1.2.0\opentest4j-1.2.0.jar;C:\Users\hai_j\.m2\repository\org\junit\platform\junit-platform-commons\1.6.0\junit-platform-commons-1.6.0.jar;C:\Users\hai_j\.m2\repository\org\junit\jupiter\junit-jupiter-engine\5.6.0\junit-jupiter-engine-5.6.0.jar;C:\Users\hai_j\.m2\repository\org\junit\platform\junit-platform-engine\1.6.0\junit-platform-engine-1.6.0.jar;"/>
    <property name="sun.cpu.endian" value="little"/>
    <property name="user.home" value="C:\Users\hai_j"/>
    <property name="user.language" value="en"/>
    <property name="java.specification.vendor" value="Oracle Corporation"/>
    <property name="java.version.date" value="2024-07-16"/>
    <property name="java.home" value="C:\Program Files\Java\jdk-22"/>
    <property name="file.separator" value="\"/>
    <property name="basedir" value="C:\Users\hai_j\OneDrive - Politeknik Negeri Bandung\Documents\POLBAN\01. Kuliah\SMT 3\01. PBO\Sourcecode_pbo\demo"/>
    <property name="java.vm.compressedOopsMode" value="Zero based"/>
    <property name="line.separator" value="&#10;"/>
    <property name="java.vm.specification.vendor" value="Oracle Corporation"/>
    <property name="java.specification.name" value="Java Platform API Specification"/>
    <property name="surefire.real.class.path" value="C:\Users\hai_j\AppData\Local\Temp\surefire15149775714627751466\surefirebooter-20241031172611522_3.jar"/>
    <property name="user.script" value=""/>
    <property name="sun.management.compiler" value="HotSpot 64-Bit Tiered Compilers"/>
    <property name="java.runtime.version" value="22.0.2+9-70"/>
    <property name="user.name" value="hai_j"/>
    <property name="stdout.encoding" value="Cp1252"/>
    <property name="path.separator" value=";"/>
    <property name="os.version" value="10.0"/>
    <property name="java.runtime.name" value="Java(TM) SE Runtime Environment"/>
    <property name="file.encoding" value="UTF-8"/>
    <property name="java.vm.name" value="Java HotSpot(TM) 64-Bit Server VM"/>
    <property name="jpda.listen" value="true"/>
    <property name="maven.ext.class.path" value="C:\Users\hai_j\.vscode\extensions\oracle.oracle-java-23.0.0\nbcode\java\maven-nblib\netbeans-eventspy.jar"/>
    <property name="localRepository" value="C:\Users\hai_j\.m2\repository"/>
    <property name="java.vendor.url.bug" value="https://bugreport.java.com/bugreport/"/>
    <property name="java.io.tmpdir" value="C:\Users\hai_j\AppData\Local\Temp\"/>
    <property name="java.version" value="22.0.2"/>
    <property name="user.dir" value="C:\Users\hai_j\OneDrive - Politeknik Negeri Bandung\Documents\POLBAN\01. Kuliah\SMT 3\01. PBO\Sourcecode_pbo\demo"/>
    <property name="os.arch" value="amd64"/>
    <property name="java.vm.specification.name" value="Java Virtual Machine Specification"/>
    <property name="sun.os.patch.level" value=""/>
    <property name="native.encoding" value="Cp1252"/>
    <property name="java.library.path" value="C:\Program Files\Java\jdk-22\bin;C:\WINDOWS\Sun\Java\bin;C:\WINDOWS\system32;C:\WINDOWS;C:\Program Files\Common Files\Oracle\Java\javapath;C:\WINDOWS\system32;C:\WINDOWS;C:\WINDOWS\System32\Wbem;C:\WINDOWS\System32\WindowsPowerShell\v1.0\;C:\WINDOWS\System32\OpenSSH\;C:\Mingw\MinGW\bin;C:\Program Files\Git\cmd;C:\xampp\php;C:\ProgramData\ComposerSetup\bin;C:\laragon\bin\php\php-8.1.10-Win32-vs16-x64;C:\Program Files\nodejs\;C:\Users\hai_j\AppData\Local\Microsoft\WindowsApps;C:\Users\hai_j\AppData\Local\Programs\Microsoft VS Code\bin;C:\Users\hai_j\AppData\Roaming\Composer\vendor\bin;C:\Users\hai_j\AppData\Roaming\npm;C:\Program Files\Java\jdk-22.0.2\bin;C:\Users\hai_j\AppData\Local\Programs\Python\Python313\Scripts\;C:\Users\hai_j\AppData\Local\Programs\Python\Python313\;C:\Users\hai_j\AppData\Local\Programs\Python\Launcher\;C:\Users\hai_j\AppData\Local\Microsoft\WindowsApps;C:\Users\hai_j\AppData\Local\Programs\Microsoft VS Code\bin;C:\Users\hai_j\AppData\Roaming\Composer\vendor\bin;C:\Users\hai_j\AppData\Roaming\npm;."/>
    <property name="java.vm.info" value="mixed mode, sharing"/>
    <property name="stderr.encoding" value="Cp1252"/>
    <property name="java.vendor" value="Oracle Corporation"/>
    <property name="java.vm.version" value="22.0.2+9-70"/>
    <property name="sun.io.unicode.encoding" value="UnicodeLittle"/>
    <property name="java.class.version" value="66.0"/>
    <property name="maven.surefire.debug" value="-agentlib:jdwp=transport=dt_socket,server=n,address=54813"/>
  </properties>
  <testcase name="testEconomyFlightRegularPassenger" classname="AirportTest$EconomyFlightTest" time="0.05"/>
</testsuite>